Using pre-set license
Built from '2020.3/release' branch; Version is '2020.3.27f1 (e759542391ea) revision 15161684'; Using compiler version '192528614'; Build Type 'Release'
OS: 'Windows 10  (10.0.19044) 64bit Professional' Language: 'en' Physical Memory: 16342 MB
BatchMode: 1, IsHumanControllingUs: 0, StartBugReporterOnCrash: 0, Is64bit: 1, IsPro: 0

COMMAND LINE ARGUMENTS:
C:\Program Files\Unity 2020.3.27f1\Editor\Unity.exe
-adb2
-batchMode
-noUpm
-name
AssetImportWorker0
-projectPath
C:/Users/Aleesha/Documents/GitHub/GAD170_Week6_01
-logFile
Logs/AssetImportWorker0.log
-srvPort
57058
Successfully changed project path to: C:/Users/Aleesha/Documents/GitHub/GAD170_Week6_01
C:/Users/Aleesha/Documents/GitHub/GAD170_Week6_01
Using Asset Import Pipeline V2.
Refreshing native plugins compatible for Editor in 28.57 ms, found 2 plugins.
Preloading 0 native plugins for Editor in 0.00 ms.
Initialize engine version: 2020.3.27f1 (e759542391ea)
[Subsystems] Discovering subsystems at path C:/Program Files/Unity 2020.3.27f1/Editor/Data/Resources/UnitySubsystems
[Subsystems] Discovering subsystems at path C:/Users/Aleesha/Documents/GitHub/GAD170_Week6_01/Assets
GfxDevice: creating device client; threaded=0
Direct3D:
    Version:  Direct3D 11.0 [level 11.1]
    Renderer: NVIDIA GeForce GTX 970 (ID=0x13c2)
    Vendor:   
    VRAM:     4043 MB
    Driver:   27.21.14.5671
Initialize mono
Mono path[0] = 'C:/Program Files/Unity 2020.3.27f1/Editor/Data/Managed'
Mono path[1] = 'C:/Program Files/Unity 2020.3.27f1/Editor/Data/MonoBleedingEdge/lib/mono/unityjit'
Mono config path = 'C:/Program Files/Unity 2020.3.27f1/Editor/Data/MonoBleedingEdge/etc'
Using monoOptions --debugger-agent=transport=dt_socket,embedding=1,server=y,suspend=n,address=127.0.0.1:56184
Begin MonoManager ReloadAssembly
Registering precompiled unity dll's ...
Register platform support module: C:/Program Files/Unity 2020.3.27f1/Editor/Data/PlaybackEngines/WindowsStandaloneSupport/UnityEditor.WindowsStandalone.Extensions.dll
Registered in 0.001961 seconds.
Native extension for WindowsStandalone target not found
Refreshing native plugins compatible for Editor in 28.86 ms, found 2 plugins.
Preloading 0 native plugins for Editor in 0.00 ms.
Mono: successfully reloaded assembly
- Completed reload, in  0.537 seconds
Domain Reload Profiling:
	ReloadAssembly (537ms)
		BeginReloadAssembly (61ms)
			ExecutionOrderSort (0ms)
			DisableScriptedObjects (0ms)
			BackupInstance (0ms)
			ReleaseScriptingObjects (0ms)
			CreateAndSetChildDomain (1ms)
		EndReloadAssembly (408ms)
			LoadAssemblies (59ms)
			RebuildTransferFunctionScriptingTraits (0ms)
			SetupTypeCache (144ms)
			ReleaseScriptCaches (0ms)
			RebuildScriptCaches (29ms)
			SetupLoadedEditorAssemblies (140ms)
				LogAssemblyErrors (0ms)
				InitializePlatformSupportModulesInManaged (4ms)
				SetLoadedEditorAssemblies (0ms)
				RefreshPlugins (29ms)
				BeforeProcessingInitializeOnLoad (8ms)
				ProcessInitializeOnLoadAttributes (74ms)
				ProcessInitializeOnLoadMethodAttributes (25ms)
				AfterProcessingInitializeOnLoad (0ms)
				EditorAssembliesLoaded (0ms)
			ExecutionOrderSort2 (0ms)
			AwakeInstancesAfterBackupRestoration (0ms)
Platform modules already initialized, skipping
Registering precompiled user dll's ...
Registered in 0.004527 seconds.
Begin MonoManager ReloadAssembly
Native extension for WindowsStandalone target not found
Refreshing native plugins compatible for Editor in 0.29 ms, found 2 plugins.
Preloading 0 native plugins for Editor in 0.00 ms.
Mono: successfully reloaded assembly
- Completed reload, in  0.891 seconds
Domain Reload Profiling:
	ReloadAssembly (892ms)
		BeginReloadAssembly (139ms)
			ExecutionOrderSort (0ms)
			DisableScriptedObjects (4ms)
			BackupInstance (0ms)
			ReleaseScriptingObjects (0ms)
			CreateAndSetChildDomain (17ms)
		EndReloadAssembly (699ms)
			LoadAssemblies (86ms)
			RebuildTransferFunctionScriptingTraits (0ms)
			SetupTypeCache (256ms)
			ReleaseScriptCaches (0ms)
			RebuildScriptCaches (37ms)
			SetupLoadedEditorAssemblies (251ms)
				LogAssemblyErrors (0ms)
				InitializePlatformSupportModulesInManaged (5ms)
				SetLoadedEditorAssemblies (0ms)
				RefreshPlugins (0ms)
				BeforeProcessingInitializeOnLoad (50ms)
				ProcessInitializeOnLoadAttributes (182ms)
				ProcessInitializeOnLoadMethodAttributes (8ms)
				AfterProcessingInitializeOnLoad (6ms)
				EditorAssembliesLoaded (0ms)
			ExecutionOrderSort2 (0ms)
			AwakeInstancesAfterBackupRestoration (5ms)
Platform modules already initialized, skipping
========================================================================
Worker process is ready to serve import requests
Launched and connected shader compiler UnityShaderCompiler.exe after 0.07 seconds
Refreshing native plugins compatible for Editor in 0.29 ms, found 2 plugins.
Preloading 0 native plugins for Editor in 0.00 ms.
Unloading 1506 Unused Serialized files (Serialized files now loaded: 0)
System memory in use before: 67.8 MB.
System memory in use after: 67.9 MB.

Unloading 20 unused Assets to reduce memory usage. Loaded Objects now: 1938.
Total: 2.323000 ms (FindLiveObjects: 0.118300 ms CreateObjectMapping: 0.046300 ms MarkObjects: 2.088300 ms  DeleteObjects: 0.069200 ms)

AssetImportParameters requested are different than current active one (requested -> active):
  custom:framework-win-MediaFoundation: 216162199b28c13a410421893ffa2e32 -> 
  custom:video-decoder-ogg-theora: a1e56fd34408186e4bbccfd4996cb3dc -> 
  custom:container-muxer-webm: aa71ff27fc2769a1b78a27578f13a17b -> 
  custom:container-demuxer-webm: 4f35f7cbe854078d1ac9338744f61a02 -> 
  custom:container-demuxer-ogg: 62fdf1f143b41e24485cea50d1cbac27 -> 
  custom:video-encoder-webm-vp8: eb34c28f22e8b96e1ab97ce403110664 -> 
  custom:video-decoder-webm-vp8: 9c59270c3fd7afecdb556c50c9e8de78 -> 
  custom:audio-decoder-ogg-vorbis: bf7c407c2cedff20999df2af8eb42d56 -> 
  custom:audio-encoder-webm-vorbis: bf7c407c2cedff20999df2af8eb42d56 -> 
========================================================================
Received Import Request.
  path: Assets/Character.prefab
  artifactKey: Guid(4fc92537f0e6c5b4ba27b3d5c87c5202) Importer(815301076,1909f56bfc062723c751e8b465ee728b)
Start importing Assets/Character.prefab using Guid(4fc92537f0e6c5b4ba27b3d5c87c5202) Importer(815301076,1909f56bfc062723c751e8b465ee728b)  -> (artifact id: '9b324e93aa772040448193a4eeb98b71') in 0.094532 seconds 
  Import took 0.096604 seconds .

========================================================================
Received Import Request.
  Time since last request: 0.087428 seconds.
  path: Assets/Scripts/GameManager.cs
  artifactKey: Guid(432995eb9422fa5479dd0861576c57c5) Importer(815301076,1909f56bfc062723c751e8b465ee728b)
Start importing Assets/Scripts/GameManager.cs using Guid(432995eb9422fa5479dd0861576c57c5) Importer(815301076,1909f56bfc062723c751e8b465ee728b)  -> (artifact id: '09a16d657eabafdcdc9a61634e8f3921') in 0.009720 seconds 
  Import took 0.012346 seconds .

========================================================================
Received Import Request.
  Time since last request: 966.114306 seconds.
  path: Assets/Scripts/GameManager.cs
  artifactKey: Guid(432995eb9422fa5479dd0861576c57c5) Importer(815301076,1909f56bfc062723c751e8b465ee728b)
Start importing Assets/Scripts/GameManager.cs using Guid(432995eb9422fa5479dd0861576c57c5) Importer(815301076,1909f56bfc062723c751e8b465ee728b)  -> (artifact id: 'eca32c0133d77fe3c1d25fd68b0d47de') in 0.006954 seconds 
  Import took 0.012381 seconds .

========================================================================
Received Import Request.
  Time since last request: 32.053992 seconds.
  path: Assets/Scripts/GameManager.cs
  artifactKey: Guid(432995eb9422fa5479dd0861576c57c5) Importer(815301076,1909f56bfc062723c751e8b465ee728b)
Start importing Assets/Scripts/GameManager.cs using Guid(432995eb9422fa5479dd0861576c57c5) Importer(815301076,1909f56bfc062723c751e8b465ee728b)  -> (artifact id: 'a8802720f39c8ee597a576b8a3a4e3c1') in 0.009833 seconds 
  Import took 0.012947 seconds .

========================================================================
Received Import Request.
  Time since last request: 218.030121 seconds.
  path: Assets/Scripts/GameManager.cs
  artifactKey: Guid(432995eb9422fa5479dd0861576c57c5) Importer(815301076,1909f56bfc062723c751e8b465ee728b)
Start importing Assets/Scripts/GameManager.cs using Guid(432995eb9422fa5479dd0861576c57c5) Importer(815301076,1909f56bfc062723c751e8b465ee728b)  -> (artifact id: 'a03d4528fe16dd921c507db045705bb0') in 0.009044 seconds 
  Import took 0.012221 seconds .

========================================================================
Received Import Request.
  Time since last request: 10090.219781 seconds.
  path: Assets/Scripts/GameManager.cs
  artifactKey: Guid(432995eb9422fa5479dd0861576c57c5) Importer(815301076,1909f56bfc062723c751e8b465ee728b)
Start importing Assets/Scripts/GameManager.cs using Guid(432995eb9422fa5479dd0861576c57c5) Importer(815301076,1909f56bfc062723c751e8b465ee728b)  -> (artifact id: '98f6ba5f9db2de669f46d2084a7f3306') in 0.011609 seconds 
  Import took 0.024293 seconds .

========================================================================
Received Import Request.
  Time since last request: 17.070341 seconds.
  path: Assets/Scripts/GameManager.cs
  artifactKey: Guid(432995eb9422fa5479dd0861576c57c5) Importer(815301076,1909f56bfc062723c751e8b465ee728b)
Start importing Assets/Scripts/GameManager.cs using Guid(432995eb9422fa5479dd0861576c57c5) Importer(815301076,1909f56bfc062723c751e8b465ee728b)  -> (artifact id: '7890428fad6d6843eadfc5f2b53137be') in 0.004611 seconds 
  Import took 0.007610 seconds .

AssetImportWorkerClient::OnTransportError - code=2 error=End of file
